<?xml version="1.0" encoding="UTF-8"?>
<!-- Generated by org.testng.reporters.JUnitXMLReporter -->
<testsuite ignored="0" hostname="DESKTOP-QER32KA" failures="0" tests="5" name="Default test" time="22.2" errors="0" timestamp="2023-12-21T19:20:28 IST">
  <testcase classname="com.opencart.tests.HomePageTest" name="homePageTitleTest" time="0.014"/>
  <testcase classname="com.opencart.tests.HomePageTest" name="homePageURLTest" time="0.001"/>
  <testcase classname="com.opencart.tests.HomePageTest" name="searchTest" time="3.432"/>
  <testcase classname="com.opencart.tests.HomePageTest" name="searchTest" time="3.402"/>
  <testcase classname="com.opencart.tests.HomePageTest" name="searchTest" time="3.396"/>
</testsuite> <!-- Default test -->
