<?xml version="1.0" encoding="UTF-8"?>
<!-- Generated by org.testng.reporters.JUnitXMLReporter -->
<testsuite ignored="0" hostname="DESKTOP-QER32KA" failures="0" tests="5" name="Default test" time="17.833" errors="0" timestamp="2023-12-21T12:49:02 IST">
  <testcase classname="com.opencart.tests.HomePageTest" name="homePageTitleTest" time="0.013"/>
  <testcase classname="com.opencart.tests.HomePageTest" name="homePageURLTest" time="0.002"/>
  <testcase classname="com.opencart.tests.HomePageTest" name="searchTest" time="3.522"/>
  <testcase classname="com.opencart.tests.HomePageTest" name="searchTest" time="3.417"/>
  <testcase classname="com.opencart.tests.HomePageTest" name="searchTest" time="3.41"/>
</testsuite> <!-- Default test -->
