<?xml version="1.0" encoding="UTF-8"?>
<!-- Generated by org.testng.reporters.JUnitXMLReporter -->
<testsuite ignored="0" hostname="DESKTOP-QER32KA" failures="0" tests="5" name="Home Page and Login Page Tests" time="18.573" errors="0" timestamp="2023-12-21T19:02:55 IST">
  <testcase classname="com.opencart.tests.HomePageTest" name="homePageURLTest" time="0.005"/>
  <testcase classname="com.opencart.tests.HomePageTest" name="homePageTitleTest" time="0.014"/>
  <testcase classname="com.opencart.tests.HomePageTest" name="searchTest" time="3.5"/>
  <testcase classname="com.opencart.tests.HomePageTest" name="searchTest" time="3.464"/>
  <testcase classname="com.opencart.tests.HomePageTest" name="searchTest" time="3.421"/>
</testsuite> <!-- Home Page and Login Page Tests -->
