<?xml version="1.0" encoding="UTF-8"?>
<!-- Generated by org.testng.reporters.JUnitXMLReporter -->
<testsuite ignored="0" hostname="DESKTOP-QER32KA" failures="0" tests="3" name="Login Page Tests" time="8.342" errors="0" timestamp="2023-12-21T18:51:51 IST">
  <testcase classname="com.opencart.tests.LoginPageTest" name="loginPageTitleTest" time="0.452"/>
  <testcase classname="com.opencart.tests.LoginPageTest" name="loginPageURLTest" time="0.001"/>
  <testcase classname="com.opencart.tests.LoginPageTest" name="appLoginTest" time="0.803"/>
</testsuite> <!-- Login Page Tests -->
