<?xml version="1.0" encoding="UTF-8"?>
<!-- Generated by org.testng.reporters.JUnitXMLReporter -->
<testsuite ignored="0" hostname="DESKTOP-QER32KA" failures="0" tests="5" name="Test2" time="18.465" errors="0" timestamp="2023-12-21T18:37:52 IST">
  <testcase classname="com.opencart.tests.HomePageTest" name="homePageTitleTest" time="0.017"/>
  <testcase classname="com.opencart.tests.HomePageTest" name="homePageURLTest" time="0.0"/>
  <testcase classname="com.opencart.tests.HomePageTest" name="searchTest" time="3.564"/>
  <testcase classname="com.opencart.tests.HomePageTest" name="searchTest" time="3.424"/>
  <testcase classname="com.opencart.tests.HomePageTest" name="searchTest" time="3.495"/>
</testsuite> <!-- Test2 -->
