<?xml version="1.0" encoding="UTF-8"?>
<!-- Generated by org.testng.reporters.JUnitXMLReporter -->
<testsuite ignored="2" hostname="DESKTOP-QER32KA" failures="0" tests="8" name="Test1" time="19.191" errors="0" timestamp="2023-12-21T18:44:31 IST">
  <testcase classname="com.opencart.tests.HomePageTest" name="homePageTitleTest" time="0.02"/>
  <testcase classname="com.opencart.tests.HomePageTest" name="homePageURLTest" time="0.001"/>
  <testcase classname="com.opencart.tests.LoginPageTest" name="loginPageTitleTest" time="0.411"/>
  <testcase classname="com.opencart.tests.LoginPageTest" name="loginPageURLTest" time="0.001"/>
  <testcase classname="com.opencart.tests.LoginPageTest" name="appLoginTest" time="0.902"/>
  <testcase classname="com.opencart.tests.HomePageTest" name="searchTest" time="3.458"/>
  <testcase classname="com.opencart.tests.HomePageTest" name="searchTest" time="3.418"/>
  <testcase classname="com.opencart.tests.HomePageTest" name="searchTest" time="3.459"/>
  <testcase classname="com.opencart.base.BaseTest" name="@AfterTest tearDown" time="0.0">
    <ignored/>
  </testcase> <!-- @AfterTest tearDown -->
  <testcase classname="com.opencart.base.BaseTest" name="@BeforeTest setUP" time="0.0">
    <ignored/>
  </testcase> <!-- @BeforeTest setUP -->
</testsuite> <!-- Test1 -->
