<?xml version="1.0" encoding="UTF-8"?>
<!-- Generated by org.testng.reporters.JUnitXMLReporter -->
<testsuite ignored="0" hostname="DESKTOP-QER32KA" failures="2" tests="3" name="Test" time="8.23" errors="0" timestamp="2023-12-21T19:05:11 IST">
  <testcase classname="com.opencart.tests.LoginPageTest" name="loginPageURLTest" time="0.023">
    <failure type="java.lang.NullPointerException" message="Cannot invoke &amp;quot;com.opencart.pages.LoginPage.getLoginPageURL()&amp;quot; because &amp;quot;this.loginPage&amp;quot; is null">
      <![CDATA[java.lang.NullPointerException: Cannot invoke "com.opencart.pages.LoginPage.getLoginPageURL()" because "this.loginPage" is null
at com.opencart.tests.LoginPageTest.loginPageURLTest(LoginPageTest.java:32)
at java.base/java.util.concurrent.ThreadPoolExecutor.runWorker(ThreadPoolExecutor.java:1144)
at java.base/java.util.concurrent.ThreadPoolExecutor$Worker.run(ThreadPoolExecutor.java:642)
at java.base/java.lang.Thread.run(Thread.java:1623)
... Removed 10 stack frames]]>
    </failure>
  </testcase> <!-- loginPageURLTest -->
  <testcase classname="com.opencart.tests.LoginPageTest" name="appLoginTest" time="0.023">
    <failure type="java.lang.NullPointerException" message="Cannot invoke &amp;quot;com.opencart.pages.LoginPage.doLogin(String, String)&amp;quot; because &amp;quot;this.loginPage&amp;quot; is null">
      <![CDATA[java.lang.NullPointerException: Cannot invoke "com.opencart.pages.LoginPage.doLogin(String, String)" because "this.loginPage" is null
at com.opencart.tests.LoginPageTest.appLoginTest(LoginPageTest.java:41)
at java.base/java.util.concurrent.ThreadPoolExecutor.runWorker(ThreadPoolExecutor.java:1144)
at java.base/java.util.concurrent.ThreadPoolExecutor$Worker.run(ThreadPoolExecutor.java:642)
at java.base/java.lang.Thread.run(Thread.java:1623)
... Removed 10 stack frames]]>
    </failure>
  </testcase> <!-- appLoginTest -->
  <testcase classname="com.opencart.tests.LoginPageTest" name="loginPageTitleTest" time="0.471"/>
</testsuite> <!-- Test -->
