<?xml version="1.0" encoding="UTF-8"?>
<!-- Generated by org.testng.reporters.JUnitXMLReporter -->
<testsuite ignored="0" hostname="DESKTOP-QER32KA" failures="0" tests="3" name="Test" time="10.006" errors="0" timestamp="2023-12-21T11:08:14 IST">
  <testcase classname="com.opencart.tests.LoginPageTest" name="loginPageTitleTest" time="0.398"/>
  <testcase classname="com.opencart.tests.LoginPageTest" name="loginPageURLTest" time="0.001"/>
  <testcase classname="com.opencart.tests.LoginPageTest" name="appLoginTest" time="1.906"/>
</testsuite> <!-- Test -->
