<?xml version="1.0" encoding="UTF-8"?>
<!-- Generated by org.testng.reporters.JUnitXMLReporter -->
<testsuite ignored="0" hostname="DESKTOP-QER32KA" failures="0" tests="3" name="Open Cart Login Page Test_safari" time="4.509" errors="0" timestamp="2023-12-21T19:07:48 IST">
  <testcase classname="com.opencart.tests.LoginPageTest" name="loginPageTitleTest" time="0.0">
    <skipped/>
  </testcase> <!-- loginPageTitleTest -->
  <testcase classname="com.opencart.tests.LoginPageTest" name="loginPageURLTest" time="0.0">
    <skipped/>
  </testcase> <!-- loginPageURLTest -->
  <testcase classname="com.opencart.tests.LoginPageTest" name="appLoginTest" time="0.0">
    <skipped/>
  </testcase> <!-- appLoginTest -->
</testsuite> <!-- Open Cart Login Page Test_safari -->
