<?xml version="1.0" encoding="UTF-8"?>
<!-- Generated by org.testng.reporters.JUnitXMLReporter -->
<testsuite ignored="0" hostname="DESKTOP-QER32KA" failures="0" tests="5" name="Open Cart Home Page Test_chrome" time="4.125" errors="0" timestamp="2023-12-21T11:28:35 IST">
  <testcase classname="com.opencart.tests.HomePageTest" name="homePageTitleTest" time="0.0">
    <skipped/>
  </testcase> <!-- homePageTitleTest -->
  <testcase classname="com.opencart.tests.HomePageTest" name="homePageURLTest" time="0.0">
    <skipped/>
  </testcase> <!-- homePageURLTest -->
  <testcase classname="com.opencart.tests.HomePageTest" name="searchTest" time="0.0">
    <skipped/>
  </testcase> <!-- searchTest -->
  <testcase classname="com.opencart.tests.HomePageTest" name="searchTest" time="0.0">
    <skipped/>
  </testcase> <!-- searchTest -->
  <testcase classname="com.opencart.tests.HomePageTest" name="searchTest" time="0.0">
    <skipped/>
  </testcase> <!-- searchTest -->
</testsuite> <!-- Open Cart Home Page Test_chrome -->
