<?xml version="1.0" encoding="UTF-8"?>
<testng-results ignored="0" total="5" passed="5" failed="0" skipped="0">
  <reporter-output>
  </reporter-output>
  <suite started-at="2023-12-21T12:48:44 IST" name="Default suite" finished-at="2023-12-21T12:49:02 IST" duration-ms="17833">
    <groups>
    </groups>
    <test started-at="2023-12-21T12:48:44 IST" name="Default test" finished-at="2023-12-21T12:49:02 IST" duration-ms="17833">
      <class name="com.opencart.tests.HomePageTest">
        <test-method is-config="true" signature="setUP()[pri:0, instance:com.opencart.tests.HomePageTest@1bd4fdd]" started-at="2023-12-21T12:48:44 IST" name="setUP" finished-at="2023-12-21T12:48:51 IST" duration-ms="7273" status="PASS">
          <reporter-output>
          </reporter-output>
        </test-method> <!-- setUP -->
        <test-method signature="homePageTitleTest()[pri:0, instance:com.opencart.tests.HomePageTest@1bd4fdd]" started-at="2023-12-21T12:48:51 IST" name="homePageTitleTest" finished-at="2023-12-21T12:48:51 IST" duration-ms="13" status="PASS">
          <reporter-output>
          </reporter-output>
        </test-method> <!-- homePageTitleTest -->
        <test-method signature="homePageURLTest()[pri:0, instance:com.opencart.tests.HomePageTest@1bd4fdd]" started-at="2023-12-21T12:48:51 IST" name="homePageURLTest" finished-at="2023-12-21T12:48:51 IST" duration-ms="2" status="PASS">
          <reporter-output>
          </reporter-output>
        </test-method> <!-- homePageURLTest -->
        <test-method signature="searchTest(java.lang.String)[pri:0, instance:com.opencart.tests.HomePageTest@1bd4fdd]" started-at="2023-12-21T12:48:51 IST" name="searchTest" data-provider="getProductData" finished-at="2023-12-21T12:48:55 IST" duration-ms="3522" status="PASS">
          <params>
            <param index="0">
              <value>
                <![CDATA[Macbook]]>
              </value>
            </param>
          </params>
          <reporter-output>
          </reporter-output>
        </test-method> <!-- searchTest -->
        <test-method signature="searchTest(java.lang.String)[pri:0, instance:com.opencart.tests.HomePageTest@1bd4fdd]" started-at="2023-12-21T12:48:55 IST" name="searchTest" data-provider="getProductData" finished-at="2023-12-21T12:48:58 IST" duration-ms="3417" status="PASS">
          <params>
            <param index="0">
              <value>
                <![CDATA[iMac]]>
              </value>
            </param>
          </params>
          <reporter-output>
          </reporter-output>
        </test-method> <!-- searchTest -->
        <test-method signature="searchTest(java.lang.String)[pri:0, instance:com.opencart.tests.HomePageTest@1bd4fdd]" started-at="2023-12-21T12:48:58 IST" name="searchTest" data-provider="getProductData" finished-at="2023-12-21T12:49:02 IST" duration-ms="3410" status="PASS">
          <params>
            <param index="0">
              <value>
                <![CDATA[Samasung]]>
              </value>
            </param>
          </params>
          <reporter-output>
          </reporter-output>
        </test-method> <!-- searchTest -->
        <test-method is-config="true" signature="tearDown()[pri:0, instance:com.opencart.tests.HomePageTest@1bd4fdd]" started-at="2023-12-21T12:49:02 IST" name="tearDown" finished-at="2023-12-21T12:49:02 IST" duration-ms="152" status="PASS">
          <reporter-output>
          </reporter-output>
        </test-method> <!-- tearDown -->
      </class> <!-- com.opencart.tests.HomePageTest -->
    </test> <!-- Default test -->
  </suite> <!-- Default suite -->
</testng-results>
